2026-03-03 15:16:09,190 [INFO] ============================================================
2026-03-03 15:16:09,191 [INFO] Stage 01 | mode=full | source=C:\Users\ORENS\predictive-log-anomaly-engine\data\processed\events_unified.csv
2026-03-03 15:16:09,191 [INFO] Memory baseline: 81.5 MB
2026-03-03 15:16:09,191 [INFO] schema.md  EXISTS  (1650 B)
2026-03-03 15:16:34,308 [INFO] load_raw(): 15923592 rows x 5 cols  (3349.6 MB RSS)
2026-03-03 15:16:34,308 [INFO] Columns: ['timestamp', 'dataset', 'session_id', 'message', 'label']
2026-03-03 15:16:34,969 [INFO] Label distribution:
dataset  label
bgl      0          348460
         1         4399503
hdfs     0        10887379
         1          288250
2026-03-03 15:16:34,970 [INFO] Required columns check: OK
2026-03-03 15:17:00,631 [INFO] normalize_schema(): 15923592 rows x 6 cols
2026-03-03 15:17:00,788 [INFO] normalize_schema() service values: ['hdfs', 'bgl']
2026-03-03 15:17:00,788 [INFO] normalize_schema() structure check: OK
2026-03-03 15:17:00,788 [INFO] ------------------------------------------------------------
2026-03-03 15:17:00,788 [INFO] Stage 01 COMPLETE | elapsed=51.6s | peak_mem=6652.2 MB
2026-03-03 15:17:00,788 [INFO] Log written to: C:\Users\ORENS\predictive-log-anomaly-engine\ai_workspace\logs\stage_01_data_full.log
2026-03-03 15:17:00,788 [INFO] ============================================================
