2026-03-03 12:27:26,375  INFO     ============================================================
2026-03-03 12:27:26,375  INFO     Stage 23: Session Sequence Builder
2026-03-03 12:27:26,375  INFO     Input  : C:\Users\ORENS\predictive-log-anomaly-engine\data\intermediate\events_with_templates.csv
2026-03-03 12:27:26,375  INFO     Memory start: 81.8 MB
2026-03-03 12:27:26,375  INFO     ============================================================
2026-03-03 12:27:26,375  INFO     Loading events_with_templates.csv ...
2026-03-03 12:27:27,481  INFO     Loaded 1,000,000 rows.  Memory: 171.1 MB
2026-03-03 12:27:27,483  INFO     Building session sequences ...
2026-03-03 12:27:57,950  INFO     Sessions built: 495,405
2026-03-03 12:27:57,951  INFO     Memory after sequences: 248.7 MB
2026-03-03 12:27:57,952  INFO     Selecting top 100 templates by overall frequency ...
2026-03-03 12:27:57,957  INFO     Top-100 template IDs selected.
2026-03-03 12:27:57,957  INFO     Filtering events to top-N templates ...
2026-03-03 12:27:58,001  INFO     Counting template occurrences per session (pivot) ...
2026-03-03 12:28:00,177  INFO     Computing normalised template frequencies ...
2026-03-03 12:28:00,713  INFO     Feature matrix shape: (495405, 204)
2026-03-03 12:28:00,743  INFO     Memory after features: 711.2 MB
2026-03-03 12:28:00,743  INFO     Saving session_sequences.csv (495,405 rows) ...
2026-03-03 12:28:01,133  INFO     Saving session_features.csv (495,405 rows, 204 cols) ...
2026-03-03 12:28:18,019  INFO     Total elapsed: 51.6s
2026-03-03 12:28:18,019  INFO     Peak memory  : 710.8 MB
2026-03-03 12:28:18,584  INFO     Report saved: C:\Users\ORENS\predictive-log-anomaly-engine\ai_workspace\reports\stage_23_sequence_report.md
