2026-03-03 12:35:34,947  INFO     ============================================================
2026-03-03 12:35:34,947  INFO     Stage 24: Baseline Anomaly Detection Model
2026-03-03 12:35:34,947  INFO     Input  : C:\Users\ORENS\predictive-log-anomaly-engine\data\intermediate\session_features.csv
2026-03-03 12:35:34,947  INFO     Memory start: 153.1 MB
2026-03-03 12:35:34,947  INFO     ============================================================
2026-03-03 12:35:34,947  INFO     Loading session_features.csv ...
2026-03-03 12:35:38,299  INFO     Loaded 495,405 sessions.  Memory: 996.8 MB
2026-03-03 12:35:38,805  INFO     Feature columns: 201
2026-03-03 12:35:38,805  INFO     Positive (anomaly) rate: 0.1908 (19.08%)
2026-03-03 12:35:38,805  INFO     X shape: (495405, 201)  |  Memory: 1377.1 MB
2026-03-03 12:35:38,805  INFO     Sweeping contamination candidates: [0.05, 0.1, 0.2]
2026-03-03 12:35:44,461  INFO       contamination=0.05  PR-AUC=0.2518  time=5.7s
2026-03-03 12:35:50,303  INFO       contamination=0.10  PR-AUC=0.2518  time=5.8s
2026-03-03 12:35:55,955  INFO       contamination=0.20  PR-AUC=0.2518  time=5.7s
2026-03-03 12:35:55,958  INFO     Best contamination: 0.05  PR-AUC=0.2518
2026-03-03 12:35:58,463  INFO     Predicted anomalies: 24,753 / 495,405 (5.00%)
2026-03-03 12:35:58,532  INFO     Sanity metrics vs labels  |  Precision=0.3598  Recall=0.0942  F1=0.1494
2026-03-03 12:35:58,584  INFO     Classification report:
              precision    recall  f1-score   support

           0       0.82      0.96      0.88    400897
           1       0.36      0.09      0.15     94508

    accuracy                           0.80    495405
   macro avg       0.59      0.53      0.52    495405
weighted avg       0.73      0.80      0.74    495405

2026-03-03 12:35:58,593  INFO     Score distribution  min=0.3042  mean=0.3400  median=0.3362  p95=0.3733  max=0.4860
2026-03-03 12:35:58,599  INFO     Model saved: C:\Users\ORENS\predictive-log-anomaly-engine\data\models\isolation_forest.pkl  (1031.2 KB)
2026-03-03 12:35:59,066  INFO     Scores saved: C:\Users\ORENS\predictive-log-anomaly-engine\data\intermediate\session_scores.csv  (495,405 rows)
2026-03-03 12:35:59,067  INFO     Total elapsed: 24.1s  |  Peak memory: 1406.9 MB
2026-03-03 12:35:59,069  INFO     Report saved: C:\Users\ORENS\predictive-log-anomaly-engine\ai_workspace\reports\stage_24_model_report.md
