2026-03-03 13:05:20,013  INFO     ============================================================
2026-03-03 13:05:20,014  INFO     Stage 26: HDFS Supervised Baseline (LogisticRegression)
2026-03-03 13:05:20,014  INFO     Input  : C:\Users\ORENS\predictive-log-anomaly-engine\data\intermediate\session_features_v2.csv
2026-03-03 13:05:20,014  INFO     Memory start: 172.4 MB
2026-03-03 13:05:20,014  INFO     ============================================================
2026-03-03 13:05:20,014  INFO     Loading session_features_v2.csv (HDFS rows only) ...
2026-03-03 13:05:27,358  INFO     HDFS sessions: 404,179  Memory: 3045.2 MB
2026-03-03 13:05:28,027  INFO     Features: 404  |  Anomaly rate: 0.0235 (2.35%)
2026-03-03 13:05:29,519  INFO     Split -> train=323,343 (7,592 anom)  val=40,418 (949 anom)  test=40,418 (949 anom)
2026-03-03 13:05:29,519  INFO     Building Pipeline: StandardScaler + LogisticRegression ...
2026-03-03 13:05:29,519  INFO     Fitting pipeline on train set ...
2026-03-03 13:05:38,345  INFO     Training done in 8.8s.  Memory: 4311.5 MB
2026-03-03 13:05:38,345  INFO     Computing probabilities on val and test ...
2026-03-03 13:05:38,559  INFO     Scanning 300 thresholds on val set for best F1 ...
2026-03-03 13:05:39,370  INFO     Val  [t=0.5]    ROC=0.6604  PR=0.2334  F1=0.0884  P=0.0487  R=0.4752
2026-03-03 13:05:39,370  INFO     Val  [t=0.7126] ROC=0.6604  PR=0.2334  F1=0.3037  P=0.5000  R=0.2181
2026-03-03 13:05:39,403  INFO     Test [t=0.5]    ROC=0.6624  PR=0.1864  F1=0.0862  P=0.0475  R=0.4594
2026-03-03 13:05:39,403  INFO     Test [t=0.7126] ROC=0.6624  PR=0.1864  F1=0.2522  P=0.4261  R=0.1791
2026-03-03 13:05:39,403  INFO     Scoring all HDFS sessions ...
2026-03-03 13:05:41,043  INFO     Scores saved: C:\Users\ORENS\predictive-log-anomaly-engine\data\intermediate\hdfs_supervised_scores_v1.csv  (404,179 rows)
2026-03-03 13:05:41,046  INFO     Model saved: C:\Users\ORENS\predictive-log-anomaly-engine\data\models\hdfs_logreg_v1.pkl  (13.7 KB)
2026-03-03 13:05:41,046  INFO     Generating plots ...
2026-03-03 13:05:41,159  INFO     Saved: roc_curve_hdfs_v1.png
2026-03-03 13:05:41,251  INFO     Saved: pr_curve_hdfs_v1.png
2026-03-03 13:05:41,347  INFO     Saved: confusion_hdfs_v1.png
2026-03-03 13:05:41,347  INFO     Total elapsed: 21.3s  |  Peak memory: 4344.4 MB
2026-03-03 13:05:41,348  INFO     Report saved: C:\Users\ORENS\predictive-log-anomaly-engine\ai_workspace\reports\stage_26_hdfs_supervised_report_v1.md
