2026-03-03 12:50:09,259  INFO     ============================================================
2026-03-03 12:50:09,259  INFO     Stage 23 V2: Session Sequence Builder (Enhanced)
2026-03-03 12:50:09,259  INFO     Input  : C:\Users\ORENS\predictive-log-anomaly-engine\data\intermediate\events_with_templates.csv
2026-03-03 12:50:09,260  INFO     Memory start: 82.2 MB
2026-03-03 12:50:09,260  INFO     ============================================================
2026-03-03 12:50:09,260  INFO     Loading events_with_templates.csv ...
2026-03-03 12:50:10,367  INFO     Loaded 1,000,000 rows.  Memory: 169.5 MB
2026-03-03 12:50:10,367  INFO     Building session sequences ...
2026-03-03 12:50:39,826  INFO     Sessions built: 495,405
2026-03-03 12:50:39,827  INFO     Memory after sequences: 246.3 MB
2026-03-03 12:50:39,827  INFO     Selecting top-100 templates by frequency ...
2026-03-03 12:50:41,144  INFO     Template pivot shape: (487651, 101)
2026-03-03 12:50:41,144  INFO     Computing per-session template entropy ...
2026-03-03 12:50:42,024  INFO     Template entropy computed.
2026-03-03 12:50:42,026  INFO     Building bigrams (consecutive template pairs per session) ...
2026-03-03 12:50:42,368  INFO     Total unique bigrams (global): 16,808
2026-03-03 12:50:42,380  INFO     Top-100 bigrams selected.
2026-03-03 12:50:42,980  INFO     Bigram pivot shape: (251114, 101)
2026-03-03 12:50:43,826  INFO     Normalising template frequency features ...
2026-03-03 12:50:44,896  INFO     Normalising bigram frequency features ...
2026-03-03 12:50:45,297  INFO     Feature matrix shape: (495405, 407)
2026-03-03 12:50:45,342  INFO     Memory after features: 1137.4 MB
2026-03-03 12:50:45,342  INFO     Saving session_sequences_v2.csv (495,405 rows) ...
2026-03-03 12:50:45,778  INFO     Saving session_features_v2.csv (495,405 rows, 407 cols) ...
2026-03-03 12:51:18,847  INFO     Total elapsed: 69.6s
2026-03-03 12:51:18,848  INFO     Peak memory  : 1138.2 MB
2026-03-03 12:51:19,460  INFO     Report saved: C:\Users\ORENS\predictive-log-anomaly-engine\ai_workspace\reports\stage_23_sequence_report_v2.md
